<?xml version="1.0" encoding="UTF-8"?>
<?xml-model href="http://www.sgmlguru.org/exist/rest/db/work/system/cosml/relaxng/cos.rnc" type="application/relax-ng-compact-syntax"?>
<cos xmlns:xlink="http://www.w3.org/1999/xlink">
    <meta-data>
        <doc-info>
            <title>Title</title>
        </doc-info>
        <author>
            <name>
                <first>A</first>
                <last>N</last>
            </name>
        </author>
    </meta-data>
    <body>
        <section>
            <title>Section 1 in root</title>
            <p>Text in s1</p>
            <figure>
                <graphics xlink:href="http://localhost:8080/exist/rest/db/work/docs/pdftest/image3.jpg"/>
                <caption>Image 1</caption>
            </figure>
            <inset xlink:href="file:///mnt/win7-work/SGML/DTD/cosml/local-tests/inset1.xml#id1"/>
        </section>
        <inset xlink:href="file:///mnt/win7-work/SGML/DTD/cosml/local-tests/inset2.xml#id2"/>
    </body>
</cos>
